<?xml version="1.0" encoding="UTF-8"?>
<!-- Generated by org.testng.reporters.JUnitReportReporter -->
<testsuite hostname="03RNBL-1TF9JM3" failures="0" tests="1" name="YourLogo_Assessment.TC4_SignIn_using_credentials" time="0.042" errors="0" timestamp="03 Oct 2022 04:34:45 GMT" skipped="0">
  <testcase classname="YourLogo_Assessment.TC4_SignIn_using_credentials" name="TestCase4_SignIn_using_credentials" time="0.042"/>
</testsuite> <!-- YourLogo_Assessment.TC4_SignIn_using_credentials -->
