<?xml version="1.0" encoding="UTF-8"?>
<!-- Generated by org.testng.reporters.JUnitReportReporter -->
<testsuite hostname="03RNBL-1TF9JM3" failures="0" tests="1" name="YourLogo_Assessment.TC6_NavigationMenu" time="2.755" errors="0" timestamp="01 Oct 2022 18:20:12 GMT" skipped="0">
  <testcase classname="YourLogo_Assessment.TC6_NavigationMenu" name="SelectMenu" time="2.755"/>
</testsuite> <!-- YourLogo_Assessment.TC6_NavigationMenu -->
