<?xml version="1.0" encoding="UTF-8"?>
<!-- Generated by org.testng.reporters.JUnitReportReporter -->
<testsuite hostname="03RNBL-1TF9JM3" failures="0" tests="1" name="YourLogo_Assessment.Launch" time="32.513" errors="0" timestamp="30 Sep 2022 15:41:45 GMT" skipped="0">
  <testcase classname="YourLogo_Assessment.Launch" name="testUntitled" time="32.513"/>
</testsuite> <!-- YourLogo_Assessment.Launch -->
