<?xml version="1.0" encoding="UTF-8"?>
<!-- Generated by org.testng.reporters.JUnitReportReporter -->
<testsuite hostname="03RNBL-1TF9JM3" failures="0" tests="2" name="com.qa.YourLogo_Assessment.TC5_Cart_Validation" time="30.645" errors="0" timestamp="03 Oct 2022 12:43:05 GMT" skipped="0">
  <testcase classname="com.qa.YourLogo_Assessment.TC5_Cart_Validation" name="TestCase4_SignIn_using_credentials" time="5.689"/>
  <testcase classname="com.qa.YourLogo_Assessment.TC5_Cart_Validation" name="TestCase5_Cart_Validation" time="24.956"/>
</testsuite> <!-- com.qa.YourLogo_Assessment.TC5_Cart_Validation -->
