<?xml version="1.0" encoding="UTF-8"?>
<!-- Generated by org.testng.reporters.JUnitReportReporter -->
<testsuite hostname="03RNBL-1TF9JM3" failures="0" tests="2" name="YourLogo_Assessment.TC5_Cart_Validation" time="30.074" errors="0" timestamp="03 Oct 2022 04:34:45 GMT" skipped="0">
  <testcase classname="YourLogo_Assessment.TC5_Cart_Validation" name="TestCase5_Cart_Validation" time="30.052"/>
  <testcase classname="YourLogo_Assessment.TC5_Cart_Validation" name="TestCase4_SignIn_using_credentials" time="0.022"/>
</testsuite> <!-- YourLogo_Assessment.TC5_Cart_Validation -->
