<?xml version="1.0" encoding="UTF-8"?>
<!-- Generated by org.testng.reporters.JUnitReportReporter -->
<testsuite hostname="03RNBL-1TF9JM3" failures="0" tests="2" name="com.qa.YourLogo_Assessment.TC3_DataDrivenApproachUsingExcel" time="6.291" errors="0" timestamp="03 Oct 2022 12:43:05 GMT" skipped="0">
  <testcase classname="com.qa.YourLogo_Assessment.TC3_DataDrivenApproachUsingExcel" name="TestCase1_PerformSearchAndValidate" time="2.731"/>
  <testcase classname="com.qa.YourLogo_Assessment.TC3_DataDrivenApproachUsingExcel" name="TeastCase3_DataDrivenApproachUsingExcel" time="3.560"/>
</testsuite> <!-- com.qa.YourLogo_Assessment.TC3_DataDrivenApproachUsingExcel -->
