<?xml version="1.0" encoding="UTF-8"?>
<!-- Generated by org.testng.reporters.JUnitReportReporter -->
<testsuite hostname="03RNBL-1TF9JM3" failures="0" tests="11" name="YourLogo_Assessment.TC6_MenuNavigation" time="39.240" errors="0" timestamp="03 Oct 2022 08:45:20 GMT" skipped="0">
  <testcase classname="YourLogo_Assessment.TC6_MenuNavigation" name="verifyHoveringWomanMenu" time="0.219"/>
  <testcase classname="YourLogo_Assessment.TC6_MenuNavigation" name="verifyHoveringDressesMenu" time="0.202"/>
  <testcase classname="YourLogo_Assessment.TC6_MenuNavigation" name="verifyClickOnTshirtsMenu" time="3.447"/>
  <testcase classname="YourLogo_Assessment.TC6_MenuNavigation" name="verifyClickOnTshirtsSubMenu_Under_Women_Menu" time="4.360"/>
  <testcase classname="YourLogo_Assessment.TC6_MenuNavigation" name="verifyClickOnBlousesSubMenu_Under_Women_Menu" time="4.020"/>
  <testcase classname="YourLogo_Assessment.TC6_MenuNavigation" name="verifyClickOn_CasualDresses_submenu_Under_Women_Menu" time="6.584"/>
  <testcase classname="YourLogo_Assessment.TC6_MenuNavigation" name="verifyClickOn_EveningDresses_submenu_Under_Women_Menu" time="2.190"/>
  <testcase classname="YourLogo_Assessment.TC6_MenuNavigation" name="verifyClickOn_SummerDresses_submenu_Under_Women_Menu" time="5.485"/>
  <testcase classname="YourLogo_Assessment.TC6_MenuNavigation" name="verifyClickOn_CasualDresses_submenu_Under_Dresses_Menu" time="6.893"/>
  <testcase classname="YourLogo_Assessment.TC6_MenuNavigation" name="verifyClickOn_EveningDresses_submenu_Under_Dresses_Menu" time="4.143"/>
  <testcase classname="YourLogo_Assessment.TC6_MenuNavigation" name="verifyClickOn_SummerDresses_submenu_Under_Dresses_Menu" time="1.697"/>
</testsuite> <!-- YourLogo_Assessment.TC6_MenuNavigation -->
