<?xml version="1.0" encoding="UTF-8"?>
<!-- Generated by org.testng.reporters.JUnitReportReporter -->
<testsuite hostname="03RNBL-1TF9JM3" failures="0" tests="11" name="com.qa.YourLogo_Assessment.TC6_MenuNavigation" time="32.948" errors="0" timestamp="03 Oct 2022 12:43:05 GMT" skipped="0">
  <testcase classname="com.qa.YourLogo_Assessment.TC6_MenuNavigation" name="verifyHoveringWomanMenu" time="0.368"/>
  <testcase classname="com.qa.YourLogo_Assessment.TC6_MenuNavigation" name="verifyHoveringDressesMenu" time="0.344"/>
  <testcase classname="com.qa.YourLogo_Assessment.TC6_MenuNavigation" name="verifyClickOnTshirtsMenu" time="7.635"/>
  <testcase classname="com.qa.YourLogo_Assessment.TC6_MenuNavigation" name="verifyClickOnTshirtsSubMenu_Under_Women_Menu" time="3.967"/>
  <testcase classname="com.qa.YourLogo_Assessment.TC6_MenuNavigation" name="verifyClickOnBlousesSubMenu_Under_Women_Menu" time="3.686"/>
  <testcase classname="com.qa.YourLogo_Assessment.TC6_MenuNavigation" name="verifyClickOn_CasualDresses_submenu_Under_Women_Menu" time="2.242"/>
  <testcase classname="com.qa.YourLogo_Assessment.TC6_MenuNavigation" name="verifyClickOn_EveningDresses_submenu_Under_Women_Menu" time="3.015"/>
  <testcase classname="com.qa.YourLogo_Assessment.TC6_MenuNavigation" name="verifyClickOn_SummerDresses_submenu_Under_Women_Menu" time="3.264"/>
  <testcase classname="com.qa.YourLogo_Assessment.TC6_MenuNavigation" name="verifyClickOn_CasualDresses_submenu_Under_Dresses_Menu" time="2.537"/>
  <testcase classname="com.qa.YourLogo_Assessment.TC6_MenuNavigation" name="verifyClickOn_EveningDresses_submenu_Under_Dresses_Menu" time="2.373"/>
  <testcase classname="com.qa.YourLogo_Assessment.TC6_MenuNavigation" name="verifyClickOn_SummerDresses_submenu_Under_Dresses_Menu" time="3.517"/>
</testsuite> <!-- com.qa.YourLogo_Assessment.TC6_MenuNavigation -->
